[debug] [2026-05-06T18:58:36.570Z] ----------------------------------------------------------------------
[debug] [2026-05-06T18:58:36.577Z] Command:       C:\Program Files\nodejs\node.exe C:\Users\Mentalist\AppData\Roaming\npm\node_modules\firebase-tools\lib\bin\firebase.js init functions
[debug] [2026-05-06T18:58:36.578Z] CLI Version:   14.27.0
[debug] [2026-05-06T18:58:36.578Z] Platform:      win32
[debug] [2026-05-06T18:58:36.579Z] Node Version:  v20.19.0
[debug] [2026-05-06T18:58:36.579Z] Time:          Wed May 06 2026 18:58:36 GMT+0000 (heure moyenne de Greenwich)
[debug] [2026-05-06T18:58:36.579Z] ----------------------------------------------------------------------
[debug] 
[debug] [2026-05-06T18:58:36.585Z] >>> [apiv2][query] GET https://firebase-public.firebaseio.com/cli.json [none]
[info] 
     ######## #### ########  ######## ########     ###     ######  ########
     ##        ##  ##     ## ##       ##     ##  ##   ##  ##       ##
     ######    ##  ########  ######   ########  #########  ######  ######
     ##        ##  ##    ##  ##       ##     ## ##     ##       ## ##
     ##       #### ##     ## ######## ########  ##     ##  ######  ########

You're about to initialize a Firebase project in this directory:

  C:\Users\Mentalist\samarh

Before we get started, keep in mind:

  * You are initializing within an existing Firebase project directory

[debug] [2026-05-06T18:58:38.200Z] <<< [apiv2][status] GET https://firebase-public.firebaseio.com/cli.json 200
[debug] [2026-05-06T18:58:38.201Z] <<< [apiv2][body] GET https://firebase-public.firebaseio.com/cli.json {"cloudBuildErrorAfter":1594252800000,"cloudBuildWarnAfter":1590019200000,"defaultNode10After":1594252800000,"minVersion":"3.0.5","node8DeploysDisabledAfter":1613390400000,"node8RuntimeDisabledAfter":1615809600000,"node8WarnAfter":1600128000000}
